c:\users\owner\music\uccolor_[unknowncheats.me]_\uccolor\ucaimcolor\x64\debug\vc143.pdb
c:\users\owner\music\uccolor_[unknowncheats.me]_\uccolor\ucaimcolor\x64\debug\vc143.idb
c:\users\owner\music\uccolor_[unknowncheats.me]_\uccolor\ucaimcolor\x64\debug\stb_image_impl.obj
c:\users\owner\music\uccolor_[unknowncheats.me]_\uccolor\ucaimcolor\x64\debug\menurender.obj
c:\users\owner\music\uccolor_[unknowncheats.me]_\uccolor\ucaimcolor\x64\debug\main.obj
c:\users\owner\music\uccolor_[unknowncheats.me]_\uccolor\ucaimcolor\x64\debug\imgui_widgets.obj
c:\users\owner\music\uccolor_[unknowncheats.me]_\uccolor\ucaimcolor\x64\debug\imgui_tables.obj
c:\users\owner\music\uccolor_[unknowncheats.me]_\uccolor\ucaimcolor\x64\debug\imgui_impl_win32.obj
c:\users\owner\music\uccolor_[unknowncheats.me]_\uccolor\ucaimcolor\x64\debug\imgui_impl_dx11.obj
c:\users\owner\music\uccolor_[unknowncheats.me]_\uccolor\ucaimcolor\x64\debug\imgui_draw.obj
c:\users\owner\music\uccolor_[unknowncheats.me]_\uccolor\ucaimcolor\x64\debug\imgui_demo.obj
c:\users\owner\music\uccolor_[unknowncheats.me]_\uccolor\ucaimcolor\x64\debug\imgui.obj
c:\users\owner\music\uccolor_[unknowncheats.me]_\uccolor\ucaimcolor\x64\debug\driver.obj
c:\users\owner\music\uccolor_[unknowncheats.me]_\uccolor\ucaimcolor\x64\debug\custom.obj
c:\users\owner\music\uccolor_[unknowncheats.me]_\uccolor\x64\debug\5.exe
c:\users\owner\music\uccolor_[unknowncheats.me]_\uccolor\x64\debug\5.pdb
c:\users\owner\music\uccolor_[unknowncheats.me]_\uccolor\ucaimcolor\x64\debug\5.ilk
c:\users\owner\music\uccolor_[unknowncheats.me]_\uccolor\ucaimcolor\x64\debug\ucaimcolor.ilk
c:\users\owner\music\uccolor_[unknowncheats.me]_\uccolor\ucaimcolor\x64\debug\5.tlog\cl.command.1.tlog
c:\users\owner\music\uccolor_[unknowncheats.me]_\uccolor\ucaimcolor\x64\debug\5.tlog\cl.items.tlog
c:\users\owner\music\uccolor_[unknowncheats.me]_\uccolor\ucaimcolor\x64\debug\5.tlog\cl.read.1.tlog
c:\users\owner\music\uccolor_[unknowncheats.me]_\uccolor\ucaimcolor\x64\debug\5.tlog\cl.write.1.tlog
c:\users\owner\music\uccolor_[unknowncheats.me]_\uccolor\ucaimcolor\x64\debug\5.tlog\link.command.1.tlog
c:\users\owner\music\uccolor_[unknowncheats.me]_\uccolor\ucaimcolor\x64\debug\5.tlog\link.read.1.tlog
c:\users\owner\music\uccolor_[unknowncheats.me]_\uccolor\ucaimcolor\x64\debug\5.tlog\link.secondary.1.tlog
c:\users\owner\music\uccolor_[unknowncheats.me]_\uccolor\ucaimcolor\x64\debug\5.tlog\link.write.1.tlog
